C51 COMPILER V9.54   MAIN                                                                  02/07/2025 16:17:55 PAGE 1   


C51 COMPILER V9.54, COMPILATION OF MODULE MAIN
OBJECT MODULE PLACED IN .\Objects\main.obj
COMPILER INVOKED BY: D:\DevelopApplication\Keil_v5\C51\BIN\C51.EXE main.c OPTIMIZE(8,SPEED) BROWSE DEBUG OBJECTEXTEND PR
                    -INT(.\Listings\main.lst) OBJECT(.\Objects\main.obj)

line level    source

   1          #include <REGX52.H>
   2          unsigned int NixieTable[] = {0x3F,0x06,0x5B,0x4F,0x66,0x6D,0x7D,0x07,0x7F,0x6F};
   3          //显示的位置与指定的数字
   4          void Nixie(unsigned char slot,unsigned int number){
   5   1              switch(slot){
   6   2                      case 1: P2_4=1;P2_3=1;P2_2=1; break;
   7   2                      case 2: P2_4=1;P2_3=1;P2_2=0; break;
   8   2                      case 3: P2_4=1;P2_3=0;P2_2=1; break;
   9   2                      case 4: P2_4=1;P2_3=0;P2_2=0; break;
  10   2                      case 5: P2_4=0;P2_3=1;P2_2=1; break;
  11   2                      case 6: P2_4=0;P2_3=1;P2_2=0; break;
  12   2                      case 7: P2_4=0;P2_3=0;P2_2=1; break;
  13   2                      case 8: P2_4=0;P2_3=0;P2_2=0; break;
  14   2              }
  15   1              P0=NixieTable[number];
  16   1      }
  17          
  18          void main(){
  19   1              Nixie(4,8);
  20   1              while(1){
  21   2              
  22   2              }
  23   1      }


MODULE INFORMATION:   STATIC OVERLAYABLE
   CODE SIZE        =    113    ----
   CONSTANT SIZE    =   ----    ----
   XDATA SIZE       =   ----    ----
   PDATA SIZE       =   ----    ----
   DATA SIZE        =     20    ----
   IDATA SIZE       =   ----    ----
   BIT SIZE         =   ----    ----
END OF MODULE INFORMATION.


C51 COMPILATION COMPLETE.  0 WARNING(S),  0 ERROR(S)
