C51 COMPILER V9.54   XPT2046                                                               02/21/2026 22:59:31 PAGE 1   


C51 COMPILER V9.54, COMPILATION OF MODULE XPT2046
OBJECT MODULE PLACED IN .\Objects\XPT2046.obj
COMPILER INVOKED BY: E:\DevTools\Keil_v5\C51\BIN\C51.EXE XPT2046.c OPTIMIZE(8,SPEED) BROWSE DEBUG OBJECTEXTEND PRINT(.\L
                    -istings\XPT2046.lst) TABS(2) OBJECT(.\Objects\XPT2046.obj)

line level    source

   1          #include <REGX52.H>
   2          #include "Delay.h"
   3          sbit XPT2046_CS=P3^5;
   4          sbit XPT2046_DCLK=P3^6;
   5          sbit XPT2046_DIN=P3^4;
   6          sbit XPT2046_DOUT=P3^7;
   7          
   8          unsigned int XPT2046_ReadAD(unsigned char Command)
   9          {
  10   1        unsigned char i;
  11   1        unsigned int ADVAlue=0;
  12   1        XPT2046_DCLK=0;
  13   1        XPT2046_CS=0;
  14   1        
  15   1        for(i=0;i<8;i++)
  16   1        {
  17   2          XPT2046_DIN=Command&(0x80>>i);
  18   2          XPT2046_DCLK=1;
  19   2          XPT2046_DCLK=0;
  20   2        }
  21   1        
  22   1        for(i=0;i<16;i++)
  23   1        {
  24   2          XPT2046_DCLK=1;
  25   2          XPT2046_DCLK=0;
  26   2          if(XPT2046_DOUT)
  27   2          {
  28   3            ADVAlue|=(0x8000>>i);
  29   3          }
  30   2        }
  31   1        XPT2046_CS=1;
  32   1        if(Command&0x08)
  33   1        {
  34   2          return ADVAlue>>8;
  35   2        }
  36   1        else
  37   1        {
  38   2          return ADVAlue>>4;
  39   2        }
  40   1      }


MODULE INFORMATION:   STATIC OVERLAYABLE
   CODE SIZE        =    110    ----
   CONSTANT SIZE    =   ----    ----
   XDATA SIZE       =   ----    ----
   PDATA SIZE       =   ----    ----
   DATA SIZE        =   ----       2
   IDATA SIZE       =   ----    ----
   BIT SIZE         =   ----    ----
END OF MODULE INFORMATION.


C51 COMPILATION COMPLETE.  0 WARNING(S),  0 ERROR(S)
