C51 COMPILER V9.54   MAIN                                                                  02/19/2026 16:04:31 PAGE 1   


C51 COMPILER V9.54, COMPILATION OF MODULE MAIN
OBJECT MODULE PLACED IN .\Objects\main.obj
COMPILER INVOKED BY: E:\DevTools\Keil_v5\C51\BIN\C51.EXE main.c OPTIMIZE(8,SPEED) BROWSE DEBUG OBJECTEXTEND PRINT(.\List
                    -ings\main.lst) TABS(2) OBJECT(.\Objects\main.obj)

line level    source

   1          #include <REGX52.H>
   2          #include "LCD1602.h"
   3          #include "Delay.h"
   4          #include "DS18B20.h"
   5          #include "Key.h"
   6          #include "AT24C02.h"
   7          #include "Timer0.h"
   8          
   9          float T,TShow;
  10          char TLow,THigh;
  11          unsigned char KeyNum;
  12          
  13          void main(void)
  14          {
  15   1        DS18B20_ConverT();
  16   1        Delay(1000);
  17   1        THigh=AT24C02_ReadByte(0);
  18   1        TLow=AT24C02_ReadByte(1);
  19   1        if(THigh>125||TLow<-55||THigh<=TLow){THigh=15;TLow=13;} 
  20   1        /*温度读取与显示*/
  21   1        LCD_Init();
  22   1        LCD_ShowString(1,1,"T:");
  23   1        LCD_ShowString(2,1,"TH:");
  24   1        LCD_ShowString(2,9,"TL:");
  25   1        LCD_ShowSignedNum(2,4,THigh,3);
  26   1        LCD_ShowSignedNum(2,12,TLow,3);
  27   1        Time0_Init();
  28   1        
  29   1        while(1)
  30   1        {
  31   2          KeyNum=Key();
  32   2          DS18B20_ConverT();
  33   2          T=DS18B20_ReadT();
  34   2          if(T<0)
  35   2          {
  36   3            LCD_ShowChar(1,3,'-');
  37   3            TShow=-T;
  38   3          }else
  39   2          {
  40   3            LCD_ShowChar(1,3,'+');
  41   3            TShow=T;
  42   3          }
  43   2          
  44   2          LCD_ShowNum(1,4,TShow,3);
  45   2          LCD_ShowChar(1,7,'.');
  46   2          LCD_ShowNum(1,8,(unsigned long)(TShow*100)%100,2);
  47   2          
  48   2          /*阈值判断及显示*/
  49   2          if(KeyNum)
  50   2          {
  51   3            if(KeyNum==1) {THigh++;if(THigh>125)THigh=125;}
  52   3            if(KeyNum==2) {THigh--;if(THigh<=TLow)THigh++;}
  53   3            if(KeyNum==3) {TLow++;if(THigh>=TLow)TLow--;}
  54   3            if(KeyNum==4) {TLow--;if(TLow<-55)TLow=-55;}
C51 COMPILER V9.54   MAIN                                                                  02/19/2026 16:04:31 PAGE 2   

  55   3            LCD_ShowSignedNum(2,4,THigh,3);
  56   3            LCD_ShowSignedNum(2,12,TLow,3);
  57   3            AT24C02_WriteByte(0,THigh);
  58   3            Delay(5);
  59   3            AT24C02_WriteByte(1,TLow);
  60   3            Delay(5);
  61   3          }
  62   2          if(T>THigh) LCD_ShowString(1,13,"OV:H");
  63   2          else if(T<TLow) LCD_ShowString(1,13,"OV:L");
  64   2          else LCD_ShowString(1,13,"    ");
  65   2        }
  66   1      }
  67          
  68          void Timer0_Routine() interrupt 1
  69          {
  70   1        static unsigned int T0Count;
  71   1        TL0 = 0x66;   //设置定时初值
  72   1        TH0 = 0xFC;   //设置定时初值
  73   1        T0Count++;
  74   1        if(T0Count>=20)
  75   1        {
  76   2          T0Count=0;
  77   2          keyLoop();
  78   2        }
  79   1      }


MODULE INFORMATION:   STATIC OVERLAYABLE
   CODE SIZE        =    629    ----
   CONSTANT SIZE    =     26    ----
   XDATA SIZE       =   ----    ----
   PDATA SIZE       =   ----    ----
   DATA SIZE        =     13    ----
   IDATA SIZE       =   ----    ----
   BIT SIZE         =   ----    ----
END OF MODULE INFORMATION.


C51 COMPILATION COMPLETE.  0 WARNING(S),  0 ERROR(S)
