C51 COMPILER V9.54   ONEWIRE                                                               02/19/2026 15:07:54 PAGE 1   


C51 COMPILER V9.54, COMPILATION OF MODULE ONEWIRE
OBJECT MODULE PLACED IN .\Objects\OneWire.obj
COMPILER INVOKED BY: E:\DevTools\Keil_v5\C51\BIN\C51.EXE OneWire.c OPTIMIZE(8,SPEED) BROWSE DEBUG OBJECTEXTEND PRINT(.\L
                    -istings\OneWire.lst) TABS(2) OBJECT(.\Objects\OneWire.obj)

line level    source

   1          #include <REGX52.H>
   2          
   3          
   4          sbit OneWire_DQ=P3^7;
   5          /**
   6            * @brief  单总线初始化
   7            * @param  
   8            * @retval 0表示相应主机，1表示未相应主机
   9            */
  10          unsigned char OneWire_Init(void)
  11          {
  12   1        unsigned char i;
  13   1        unsigned char AckBit;
  14   1        OneWire_DQ=1;
  15   1        OneWire_DQ=0;
  16   1        i = 227;while (--i); //延时500us
  17   1        OneWire_DQ=1;
  18   1        i = 29;while (--i);//延时70us
  19   1        AckBit=OneWire_DQ;
  20   1        i = 227;while (--i); //延时500us 等待从机操作结束
  21   1        return AckBit;
  22   1      }
  23          
  24          /**
  25            * @brief  发送1位数据
  26            * @param  数据
  27            * @retval 
  28            */
  29          void OneWire_SendBit(unsigned char Bit)
  30          {
  31   1        unsigned char i;
  32   1        OneWire_DQ=0;
  33   1        i = 3;while (--i);//延时10us
  34   1        OneWire_DQ=Bit;
  35   1        i = 22;while (--i);//延时50us
  36   1        OneWire_DQ=1;
  37   1      }
  38          
  39          /**
  40            * @brief  接收1位数据
  41            * @param  
  42            * @retval 返回接收的1位数据
  43            */
  44          unsigned char OneWire_ReceiveBit(void)
  45          {
  46   1        unsigned char i,Bit;
  47   1        OneWire_DQ=0;
  48   1        i = 2;while (--i);//延时5us
  49   1        OneWire_DQ=1;
  50   1        i = 2;while (--i);//延时5us
  51   1        Bit=OneWire_DQ;
  52   1        i = 22;while (--i);//延时50us
  53   1        return Bit;
  54   1      }
C51 COMPILER V9.54   ONEWIRE                                                               02/19/2026 15:07:54 PAGE 2   

  55          
  56          /**
  57            * @brief  发送一个字节数据
  58            * @param  发送数据
  59            * @retval 
  60            */
  61          void OneWire_SendByte(unsigned char Byte)
  62          {
  63   1        unsigned char i;
  64   1        for(i=0;i<8;i++)
  65   1        {
  66   2          OneWire_SendBit(Byte&(0x01<<i));
  67   2        }
  68   1      }
  69          
  70          /**
  71            * @brief  接收一个字节数据
  72            * @param  
  73            * @retval 返回数据
  74            */
  75          unsigned char OneWire_ReceiveByte(void)
  76          {
  77   1        unsigned char i,Byte=0x00;
  78   1        for(i=0;i<8;i++)
  79   1        {
  80   2          if(OneWire_ReceiveBit())
  81   2          {
  82   3            Byte|=(0x01<<i);
  83   3          }
  84   2        }
  85   1        return Byte;
  86   1      }
  87          
  88          
  89          
  90          


MODULE INFORMATION:   STATIC OVERLAYABLE
   CODE SIZE        =    122    ----
   CONSTANT SIZE    =   ----    ----
   XDATA SIZE       =   ----    ----
   PDATA SIZE       =   ----    ----
   DATA SIZE        =   ----    ----
   IDATA SIZE       =   ----    ----
   BIT SIZE         =   ----    ----
END OF MODULE INFORMATION.


C51 COMPILATION COMPLETE.  0 WARNING(S),  0 ERROR(S)
