C51 COMPILER V9.54   MAIN                                                                  02/15/2026 11:28:16 PAGE 1   


C51 COMPILER V9.54, COMPILATION OF MODULE MAIN
OBJECT MODULE PLACED IN .\Objects\main.obj
COMPILER INVOKED BY: E:\DevTools\Keil_v5\C51\BIN\C51.EXE main.c OPTIMIZE(8,SPEED) BROWSE DEBUG OBJECTEXTEND PRINT(.\List
                    -ings\main.lst) TABS(2) OBJECT(.\Objects\main.obj)

line level    source

   1          #include <REGX52.H>
   2          #include "Delay.h"
   3          #define MATRIX_LED_PORT P0
   4          sbit RCK = P3^5;//RCLK
   5          sbit SCK = P3^6;//SRCLK
   6          sbit SER = P3^4;//SER
   7          //写入74HC595一个字节
   8          void _74HC595_WriteByte(unsigned char Byte)
   9          {
  10   1        unsigned char i;
  11   1        for(i=0;i<8;i++)
  12   1        {
  13   2          SER=Byte&(0x80>>i);
  14   2          SCK=1;
  15   2          SCK=0;
  16   2        }
  17   1        RCK=1;
  18   1        RCK=0;
  19   1      }
  20          
  21          //LED点阵屏显示一列数据
  22          //Column需要显示的列 范围0-7
  23          //Data每列需要显示的数据 高位在上，1为亮，0为灭
  24          void MatrixLED_ShowColumn(unsigned char Column,Data)
  25          {
  26   1        _74HC595_WriteByte(Data);
  27   1        MATRIX_LED_PORT=~(0x80>>Column);
  28   1        Delay(1);
  29   1        MATRIX_LED_PORT=0xFF;
  30   1      }
  31          void main()
  32          {
  33   1        SCK=0;
  34   1        RCK=0;
  35   1        while(1)
  36   1        {
  37   2          MatrixLED_ShowColumn(0,0x3C);
  38   2          MatrixLED_ShowColumn(1,0x42);
  39   2          MatrixLED_ShowColumn(2,0xA9);
  40   2          MatrixLED_ShowColumn(3,0x85);
  41   2          MatrixLED_ShowColumn(4,0x85);
  42   2          MatrixLED_ShowColumn(5,0xA9);
  43   2          MatrixLED_ShowColumn(6,0x42);
  44   2          MatrixLED_ShowColumn(7,0x3C);
  45   2        }
  46   1      }


MODULE INFORMATION:   STATIC OVERLAYABLE
   CODE SIZE        =    157    ----
   CONSTANT SIZE    =   ----    ----
   XDATA SIZE       =   ----    ----
   PDATA SIZE       =   ----    ----
   DATA SIZE        =   ----    ----
C51 COMPILER V9.54   MAIN                                                                  02/15/2026 11:28:16 PAGE 2   

   IDATA SIZE       =   ----    ----
   BIT SIZE         =   ----    ----
END OF MODULE INFORMATION.


C51 COMPILATION COMPLETE.  0 WARNING(S),  0 ERROR(S)
