C51 COMPILER V9.54   MAIN                                                                  02/08/2025 21:09:44 PAGE 1   


C51 COMPILER V9.54, COMPILATION OF MODULE MAIN
OBJECT MODULE PLACED IN .\Objects\main.obj
COMPILER INVOKED BY: D:\DevelopApplication\Keil_v5\C51\BIN\C51.EXE main.c OPTIMIZE(8,SPEED) BROWSE DEBUG OBJECTEXTEND PR
                    -INT(.\Listings\main.lst) OBJECT(.\Objects\main.obj)

line level    source

   1          #include <REGX52.H>
   2          #include "LCD1602.h"
   3          #include "MatrixKey.h"
   4          unsigned char keyNum;
   5          unsigned int password,count;
   6          void main()
   7          {
   8   1              LCD_Init();
   9   1              LCD_ShowString(1,1,"Password==>");
  10   1              while(1)
  11   1              {
  12   2                      keyNum = getPressNumber();
  13   2                      if(keyNum)
  14   2                      {
  15   3                              //这里表示1234567890按键有效
  16   3                              if(keyNum<=10)
  17   3                              {
  18   4                                      if(count<4)
  19   4                                      {
  20   5                                              password *= 10;
  21   5                                              password += keyNum%10;
  22   5                                              //按下计数
  23   5                                              count++;
  24   5                                      }
  25   4                                      LCD_ShowNum(2,1,password,4);
  26   4                              }
  27   3                              //将11按键设施为确认键
  28   3                              if(keyNum==11)
  29   3                              {
  30   4                                      //校验密码
  31   4                                      if(password==6666)
  32   4                                      {
  33   5                                              //密码正确
  34   5                                              LCD_ShowString(1,14,"OK ");
  35   5                                              //密码清零 count清零
  36   5                                              password=0;
  37   5                                              count=0;
  38   5                                              //更新密码显示
  39   5                                              LCD_ShowNum(2,1,password,4);
  40   5                                      }
  41   4                                      else
  42   4                                      {
  43   5                                              //密码错误
  44   5                                              LCD_ShowString(1,14,"ERR");
  45   5                                              //密码清零 count清零
  46   5                                              password=0;
  47   5                                              count=0;
  48   5                                              //更新密码显示
  49   5                                              LCD_ShowNum(2,1,password,4);
  50   5                                      }
  51   4                              }
  52   3                              //将12按键设置为取消键
  53   3                              if(keyNum==12)
  54   3                              {
C51 COMPILER V9.54   MAIN                                                                  02/08/2025 21:09:44 PAGE 2   

  55   4                                      //密码清零 count清零
  56   4                                      password=0;
  57   4                                      count=0;
  58   4                                      //更新密码显示
  59   4                                      LCD_ShowNum(2,1,password,4);
  60   4                              }
  61   3                              //将13按键设置为退格键
  62   3                              if(keyNum==13)
  63   3                              {
  64   4                                      //能退格的条件
  65   4                                      if(count>0 && count <=4)
  66   4                                      {
  67   5                                              password /= 10;
  68   5                                              //计数--
  69   5                                              count--;
  70   5                                              //更新密码显示
  71   5                                              LCD_ShowNum(2,1,password,4);
  72   5                                      }
  73   4                              }
  74   3                      }
  75   2              }
  76   1      }


MODULE INFORMATION:   STATIC OVERLAYABLE
   CODE SIZE        =    260    ----
   CONSTANT SIZE    =     20    ----
   XDATA SIZE       =   ----    ----
   PDATA SIZE       =   ----    ----
   DATA SIZE        =      5    ----
   IDATA SIZE       =   ----    ----
   BIT SIZE         =   ----    ----
END OF MODULE INFORMATION.


C51 COMPILATION COMPLETE.  0 WARNING(S),  0 ERROR(S)
