C51 COMPILER V9.54   MAIN                                                                  02/03/2026 20:02:19 PAGE 1   


C51 COMPILER V9.54, COMPILATION OF MODULE MAIN
OBJECT MODULE PLACED IN .\Objects\main.obj
COMPILER INVOKED BY: E:\DevTools\Keil_v5\C51\BIN\C51.EXE main.c OPTIMIZE(8,SPEED) BROWSE DEBUG OBJECTEXTEND PRINT(.\List
                    -ings\main.lst) TABS(2) OBJECT(.\Objects\main.obj)

line level    source

   1          #include <REGX52.H>
   2          
   3          void Delayms(unsigned int ms)   //@11.0592MHz
   4          {
   5   1        unsigned char i, j;
   6   1        while(ms)
   7   1        {
   8   2          i = 2;
   9   2          j = 199;
  10   2          do
  11   2          {
  12   3            while (--j);
  13   3          } while (--i);
  14   2          --ms;
  15   2        }
  16   1      }
  17          
  18          void main()
  19          {
  20   1        while(1){
  21   2          P2 = 0xFE;//1111 1110
  22   2          Delayms(100);
  23   2          P2 = 0xFD;//1111 1101
  24   2          Delayms(100);
  25   2          P2 = 0xFB;//1111 1011
  26   2          Delayms(100);
  27   2          P2 = 0xF7;//1111 0111
  28   2          Delayms(100);
  29   2          P2 = 0xEF;//1110 1111
  30   2          Delayms(100);
  31   2          P2 = 0xDF;//1101 1111
  32   2          Delayms(100);
  33   2          P2 = 0xBF;//1011 1101
  34   2          Delayms(100);
  35   2          P2 = 0x7F;//0111 1101
  36   2          Delayms(100);
  37   2        }
  38   1        
  39   1      }
  40          


MODULE INFORMATION:   STATIC OVERLAYABLE
   CODE SIZE        =     74    ----
   CONSTANT SIZE    =   ----    ----
   XDATA SIZE       =   ----    ----
   PDATA SIZE       =   ----    ----
   DATA SIZE        =   ----    ----
   IDATA SIZE       =   ----    ----
   BIT SIZE         =   ----    ----
END OF MODULE INFORMATION.


C51 COMPILATION COMPLETE.  0 WARNING(S),  0 ERROR(S)
