C51 COMPILER V9.54   I2C                                                                   02/17/2026 20:01:26 PAGE 1   


C51 COMPILER V9.54, COMPILATION OF MODULE I2C
OBJECT MODULE PLACED IN .\Objects\I2C.obj
COMPILER INVOKED BY: E:\DevTools\Keil_v5\C51\BIN\C51.EXE I2C.c OPTIMIZE(8,SPEED) BROWSE DEBUG OBJECTEXTEND PRINT(.\Listi
                    -ngs\I2C.lst) TABS(2) OBJECT(.\Objects\I2C.obj)

line level    source

   1          #include <REGX52.H>
   2          
   3          //申明地址变量
   4          sbit I2C_SDA=P2^0;
   5          sbit I2C_SCL=P2^1;
   6          
   7          //开始
   8          void I2C_Start(void)  
   9          {
  10   1        I2C_SDA=1;
  11   1        I2C_SCL=1;
  12   1        I2C_SDA=0;
  13   1        I2C_SCL=0;
  14   1        
  15   1      }
  16          //结束
  17          void I2C_Stop(void)
  18          {
  19   1        I2C_SDA=0;
  20   1        I2C_SCL=1;
  21   1        I2C_SDA=1;
  22   1      }
  23          //发送一个字节
  24          void I2C_Sned(unsigned char Byte)
  25          {
  26   1        unsigned char i;
  27   1        for(i=0;i<8;i++)
  28   1        {
  29   2          I2C_SDA=Byte&(0x80>>i);
  30   2          I2C_SCL=1;
  31   2          I2C_SCL=0;
  32   2        }
  33   1      }
  34          //接收一个字节
  35          unsigned char I2C_Receive(void)
  36          {
  37   1        unsigned char i,Byte=0x00;
  38   1        I2C_SDA=1;
  39   1        for(i=0;i<8;i++)
  40   1        {
  41   2          I2C_SCL=1;
  42   2          if(I2C_SDA) {Byte|=(0x80>>i);}
  43   2          I2C_SCL=0;
  44   2        }
  45   1        return Byte;
  46   1        
  47   1      }
  48          //发送应答
  49          void I2C_SendAck(unsigned char Ackbit)
  50          {
  51   1        I2C_SDA=Ackbit;
  52   1        I2C_SCL=1;
  53   1        I2C_SCL=0;
  54   1      }
C51 COMPILER V9.54   I2C                                                                   02/17/2026 20:01:26 PAGE 2   

  55          //接收应答
  56          unsigned char I2C_ReceiveAck(void)
  57          {
  58   1        unsigned char Ackbit;
  59   1        I2C_SDA=1;
  60   1        I2C_SCL=1;
  61   1        Ackbit=I2C_SDA;
  62   1        I2C_SCL=0;
  63   1        return Ackbit;
  64   1      }


MODULE INFORMATION:   STATIC OVERLAYABLE
   CODE SIZE        =    109    ----
   CONSTANT SIZE    =   ----    ----
   XDATA SIZE       =   ----    ----
   PDATA SIZE       =   ----    ----
   DATA SIZE        =   ----    ----
   IDATA SIZE       =   ----    ----
   BIT SIZE         =   ----    ----
END OF MODULE INFORMATION.


C51 COMPILATION COMPLETE.  0 WARNING(S),  0 ERROR(S)
