C51 COMPILER V9.54   NIXIE                                                                 02/17/2026 19:22:48 PAGE 1   


C51 COMPILER V9.54, COMPILATION OF MODULE NIXIE
OBJECT MODULE PLACED IN .\Objects\Nixie.obj
COMPILER INVOKED BY: E:\DevTools\Keil_v5\C51\BIN\C51.EXE Nixie.c OPTIMIZE(8,SPEED) BROWSE DEBUG OBJECTEXTEND PRINT(.\Lis
                    -tings\Nixie.lst) TABS(2) OBJECT(.\Objects\Nixie.obj)

line level    source

   1          #include <REGX52.H>
   2          #include "Delay.h"
   3          unsigned char Nixie_Buf[9]={0,10,10,10,10,10,10,10,10};
   4          unsigned int NixieTable[] = {0x3F,0x06,0x5B,0x4F,0x66,0x6D,0x7D,0x07,0x7F,0x6F,0x00,0x40};
   5          
   6          void Nixie_SetBuf(unsigned char location,number)
   7          {
   8   1        Nixie_Buf[location]=number;
   9   1      }
  10          //将第slot个位置显示number
  11          void Nixie_Scan(unsigned char slot,number){
  12   1          //防止串数据
  13   1        P0=0x00;
  14   1        switch(slot){
  15   2          case 1: P2_4=1;P2_3=1;P2_2=1; break;
  16   2          case 2: P2_4=1;P2_3=1;P2_2=0; break;
  17   2          case 3: P2_4=1;P2_3=0;P2_2=1; break;
  18   2          case 4: P2_4=1;P2_3=0;P2_2=0; break;
  19   2          case 5: P2_4=0;P2_3=1;P2_2=1; break;
  20   2          case 6: P2_4=0;P2_3=1;P2_2=0; break;
  21   2          case 7: P2_4=0;P2_3=0;P2_2=1; break;
  22   2          case 8: P2_4=0;P2_3=0;P2_2=0; break;
  23   2        }
  24   1        P0=NixieTable[number];
  25   1      
  26   1      }
  27          
  28          void NixieLoop(void)
  29          {
  30   1        static unsigned char i=1;
  31   1        Nixie_Scan(i,Nixie_Buf[i]);
  32   1        i++;
  33   1        if(i>=9) i=1;
  34   1      }


MODULE INFORMATION:   STATIC OVERLAYABLE
   CODE SIZE        =    141    ----
   CONSTANT SIZE    =   ----    ----
   XDATA SIZE       =   ----    ----
   PDATA SIZE       =   ----    ----
   DATA SIZE        =     34    ----
   IDATA SIZE       =   ----    ----
   BIT SIZE         =   ----    ----
END OF MODULE INFORMATION.


C51 COMPILATION COMPLETE.  0 WARNING(S),  0 ERROR(S)
