C51 COMPILER V9.54   MAIN                                                                  02/07/2025 18:34:55 PAGE 1   


C51 COMPILER V9.54, COMPILATION OF MODULE MAIN
OBJECT MODULE PLACED IN .\Objects\main.obj
COMPILER INVOKED BY: D:\DevelopApplication\Keil_v5\C51\BIN\C51.EXE main.c OPTIMIZE(8,SPEED) BROWSE DEBUG OBJECTEXTEND PR
                    -INT(.\Listings\main.lst) OBJECT(.\Objects\main.obj)

line level    source

   1          #include <REGX52.H>
   2          #include "Delay.h"
   3          #include "LCD1602.h"
   4          
   5          int Result = 0;
   6          void main()
   7          {
   8   1              LCD_Init();
   9   1      //      LCD_ShowChar(1,1,'B');
  10   1      //      LCD_ShowString(1,3,"hello");
  11   1      //      LCD_ShowNum(1,9,123,3);
  12   1      //      LCD_ShowSignedNum(1,13,-666,3);
  13   1      //      LCD_ShowHexNum(2,1,0xDD,2);
  14   1      //      LCD_ShowBinNum(2,4,0xDD,8);
  15   1              while(1)
  16   1              {
  17   2                      Result++;
  18   2                      Delay(1000);
  19   2                      LCD_ShowNum(1,1,Result,5);
  20   2              }
  21   1      }


MODULE INFORMATION:   STATIC OVERLAYABLE
   CODE SIZE        =     34    ----
   CONSTANT SIZE    =   ----    ----
   XDATA SIZE       =   ----    ----
   PDATA SIZE       =   ----    ----
   DATA SIZE        =      2    ----
   IDATA SIZE       =   ----    ----
   BIT SIZE         =   ----    ----
END OF MODULE INFORMATION.


C51 COMPILATION COMPLETE.  0 WARNING(S),  0 ERROR(S)
