C51 COMPILER V9.54   MAIN                                                                  02/03/2026 20:58:50 PAGE 1   


C51 COMPILER V9.54, COMPILATION OF MODULE MAIN
OBJECT MODULE PLACED IN .\Objects\main.obj
COMPILER INVOKED BY: E:\DevTools\Keil_v5\C51\BIN\C51.EXE main.c OPTIMIZE(8,SPEED) BROWSE DEBUG OBJECTEXTEND PRINT(.\List
                    -ings\main.lst) TABS(2) OBJECT(.\Objects\main.obj)

line level    source

   1          #include <REGX52.H>
   2          void Delay(unsigned int xms)    //@12.000MHz
   3          {
   4   1        unsigned char i, j;
   5   1      
   6   1        while(--xms){
   7   2          i = 2;
   8   2          j = 239;
   9   2          do
  10   2          {
  11   3            while (--j);
  12   3          } while (--i);
  13   2        }
  14   1      }
  15          
  16          void main(){
  17   1        unsigned char LEDNum = 0;
  18   1        //p2初始值需要确定以一下
  19   1        P2 = ~0x01;
  20   1        while(1){ 
  21   2          //第一个按键
  22   2          if(P3_1==0){
  23   3            Delay(20);
  24   3            while(P3_1==0);
  25   3            Delay(20);
  26   3            LEDNum++;
  27   3            if(LEDNum>=8)
  28   3                LEDNum=0;
  29   3            //p2按位左移
  30   3            P2=~(0x01<<LEDNum);
  31   3          }
  32   2          //第二个按键
  33   2          if(P3_0==0){
  34   3            Delay(20);
  35   3            while(P3_0==0);
  36   3            Delay(20);
  37   3            //因为定义的LEDNum为无符号整型的，需要判断是否等于0
  38   3            if(LEDNum==0)
  39   3              LEDNum = 7;
  40   3            else
  41   3              LEDNum--;
  42   3          
  43   3            //p2按位左移
  44   3            P2=~(0x01<<LEDNum);
  45   3          }
  46   2        }
  47   1      }


MODULE INFORMATION:   STATIC OVERLAYABLE
   CODE SIZE        =    100    ----
   CONSTANT SIZE    =   ----    ----
   XDATA SIZE       =   ----    ----
   PDATA SIZE       =   ----    ----
C51 COMPILER V9.54   MAIN                                                                  02/03/2026 20:58:50 PAGE 2   

   DATA SIZE        =   ----    ----
   IDATA SIZE       =   ----    ----
   BIT SIZE         =   ----    ----
END OF MODULE INFORMATION.


C51 COMPILATION COMPLETE.  0 WARNING(S),  0 ERROR(S)
