C51 COMPILER V9.54   MAIN                                                                  02/23/2025 20:22:48 PAGE 1   


C51 COMPILER V9.54, COMPILATION OF MODULE MAIN
OBJECT MODULE PLACED IN .\Objects\main.obj
COMPILER INVOKED BY: D:\DevelopApplication\Keil_v5\C51\BIN\C51.EXE main.c OPTIMIZE(8,SPEED) BROWSE DEBUG OBJECTEXTEND PR
                    -INT(.\Listings\main.lst) OBJECT(.\Objects\main.obj)

line level    source

   1          #include <REGX52.H>
   2          #include "Delay.h"
   3          #include "Timer0.h"
   4          #define SPEED 500
   5          sbit Buzzer=P2^5;
   6          unsigned int code FreqTable[]={63628,63731,63835,63928,64021,64103,64185,64260,64331,64400,64463,64528,645
             -80,64633,64684,64732,64777,64820,64860,64898,64934,64968,65000,65030,65058,65085,65110,65134,65157,65178,65198,65217,652
             -35,65252,65268,65283};
   7          unsigned char code Music[]={
   8                  12,4,
   9                  12,4,
  10                  19,4,
  11                  19,4,
  12                  21,4,
  13                  21,4,
  14                  19,4+4,
  15                  17,4,
  16                  17,4,
  17                  16,4,
  18                  16,4,
  19                  14,4,
  20                  14,4,
  21                  12,4+4,
  22                  0xFF
  23          };
  24          unsigned char FreqTableSelect,MusicSelect;
  25          void main()
  26          {
  27   1              Time0_Init();
  28   1              while(1)
  29   1              {
  30   2                      if(0xFF!=Music[MusicSelect])
  31   2                      {
  32   3                              FreqTableSelect = Music[MusicSelect];
  33   3                              MusicSelect++;
  34   3                              Delay(SPEED/4*Music[MusicSelect]);
  35   3                              MusicSelect++;
  36   3                              TR0=0;
  37   3                              Delay(5);
  38   3                              TR0=1;
  39   3                      }
  40   2                      else
  41   2                      {
  42   3                              TR0=0;
  43   3                              while(1);
  44   3                      }
  45   2                      
  46   2              }
  47   1      }
  48          
  49          void Timer0_Routine() interrupt 1
  50          {
  51   1              TL0 = FreqTable[FreqTableSelect]%256;           //设置定时初值
  52   1              TH0 = FreqTable[FreqTableSelect]/256;           //设置定时初值
C51 COMPILER V9.54   MAIN                                                                  02/23/2025 20:22:48 PAGE 2   

  53   1              Buzzer=!Buzzer;
  54   1      }


MODULE INFORMATION:   STATIC OVERLAYABLE
   CODE SIZE        =     99    ----
   CONSTANT SIZE    =    101    ----
   XDATA SIZE       =   ----    ----
   PDATA SIZE       =   ----    ----
   DATA SIZE        =      2    ----
   IDATA SIZE       =   ----    ----
   BIT SIZE         =   ----    ----
END OF MODULE INFORMATION.


C51 COMPILATION COMPLETE.  0 WARNING(S),  0 ERROR(S)
