C51 COMPILER V9.54   BUZZER                                                                02/15/2026 21:26:58 PAGE 1   


C51 COMPILER V9.54, COMPILATION OF MODULE BUZZER
OBJECT MODULE PLACED IN .\Objects\Buzzer.obj
COMPILER INVOKED BY: E:\DevTools\Keil_v5\C51\BIN\C51.EXE Buzzer.c OPTIMIZE(8,SPEED) BROWSE DEBUG OBJECTEXTEND PRINT(.\Li
                    -stings\Buzzer.lst) TABS(2) OBJECT(.\Objects\Buzzer.obj)

line level    source

   1          #include <REGX52.H>
   2          #include <INTRINS.H>
   3          #include "Delay.h"
   4          sbit Buzzer=P2^5;
   5          void Buzzer_Delay500us()    //@11.0592MHz
   6          {
   7   1        unsigned char i;
   8   1      
   9   1        _nop_();
  10   1        i = 227;
  11   1        while (--i);
  12   1      }
  13          
  14          void Buzzer_Time(unsigned int ms)
  15          {
  16   1        unsigned int i;
  17   1        for(i=0;i<ms*2;i++)
  18   1        {
  19   2          Buzzer=!Buzzer;
  20   2          Buzzer_Delay500us();
  21   2        }
  22   1      }


MODULE INFORMATION:   STATIC OVERLAYABLE
   CODE SIZE        =     40    ----
   CONSTANT SIZE    =   ----    ----
   XDATA SIZE       =   ----    ----
   PDATA SIZE       =   ----    ----
   DATA SIZE        =   ----    ----
   IDATA SIZE       =   ----    ----
   BIT SIZE         =   ----    ----
END OF MODULE INFORMATION.


C51 COMPILATION COMPLETE.  0 WARNING(S),  0 ERROR(S)
