C51 COMPILER V9.54   MAIN                                                                  02/23/2025 19:33:52 PAGE 1   


C51 COMPILER V9.54, COMPILATION OF MODULE MAIN
OBJECT MODULE PLACED IN .\Objects\main.obj
COMPILER INVOKED BY: D:\DevelopApplication\Keil_v5\C51\BIN\C51.EXE main.c OPTIMIZE(8,SPEED) BROWSE DEBUG OBJECTEXTEND PR
                    -INT(.\Listings\main.lst) OBJECT(.\Objects\main.obj)

line level    source

   1          #include <REGX52.H>
   2          #include "Key.h"
   3          #include "Nixie.h"
   4          #include "Delay.h"
   5          #include "Buzzer.h"
   6          
   7          unsigned char KeyNum;
   8          void main()
   9          {
  10   1              Nixie(2,0);
  11   1              while(1)
  12   1              {
  13   2                      KeyNum=getKeyNumber();
  14   2                      if(KeyNum)
  15   2                      {
  16   3                              Buzzer_Time(300);
  17   3                              Nixie(2,KeyNum);
  18   3                      }
  19   2              }
  20   1      }


MODULE INFORMATION:   STATIC OVERLAYABLE
   CODE SIZE        =     36    ----
   CONSTANT SIZE    =   ----    ----
   XDATA SIZE       =   ----    ----
   PDATA SIZE       =   ----    ----
   DATA SIZE        =      1    ----
   IDATA SIZE       =   ----    ----
   BIT SIZE         =   ----    ----
END OF MODULE INFORMATION.


C51 COMPILATION COMPLETE.  0 WARNING(S),  0 ERROR(S)
