C51 COMPILER V9.54   NIXIE                                                                 02/15/2026 21:21:47 PAGE 1   


C51 COMPILER V9.54, COMPILATION OF MODULE NIXIE
OBJECT MODULE PLACED IN .\Objects\Nixie.obj
COMPILER INVOKED BY: E:\DevTools\Keil_v5\C51\BIN\C51.EXE Nixie.c OPTIMIZE(8,SPEED) BROWSE DEBUG OBJECTEXTEND PRINT(.\Lis
                    -tings\Nixie.lst) TABS(2) OBJECT(.\Objects\Nixie.obj)

line level    source

   1          #include <REGX52.H>
   2          #include "Delay.h"
   3          unsigned int NixieTable[] = {0x3F,0x06,0x5B,0x4F,0x66,0x6D,0x7D,0x07,0x7F,0x6F};
   4          //将第slot个位置显示number
   5          void Nixie(unsigned char slot,unsigned int number){
   6   1        switch(slot){
   7   2          case 1: P2_4=1;P2_3=1;P2_2=1; break;
   8   2          case 2: P2_4=1;P2_3=1;P2_2=0; break;
   9   2          case 3: P2_4=1;P2_3=0;P2_2=1; break;
  10   2          case 4: P2_4=1;P2_3=0;P2_2=0; break;
  11   2          case 5: P2_4=0;P2_3=1;P2_2=1; break;
  12   2          case 6: P2_4=0;P2_3=1;P2_2=0; break;
  13   2          case 7: P2_4=0;P2_3=0;P2_2=1; break;
  14   2          case 8: P2_4=0;P2_3=0;P2_2=0; break;
  15   2        }
  16   1        P0=NixieTable[number];
  17   1        //防止亮度过低
  18   1        //Delay(1);
  19   1        //防止串数据
  20   1        //P0=0x00;
  21   1      }


MODULE INFORMATION:   STATIC OVERLAYABLE
   CODE SIZE        =    102    ----
   CONSTANT SIZE    =   ----    ----
   XDATA SIZE       =   ----    ----
   PDATA SIZE       =   ----    ----
   DATA SIZE        =     20    ----
   IDATA SIZE       =   ----    ----
   BIT SIZE         =   ----    ----
END OF MODULE INFORMATION.


C51 COMPILATION COMPLETE.  0 WARNING(S),  0 ERROR(S)
