C51 COMPILER V9.54   DS1302                                                                02/22/2025 13:01:50 PAGE 1   


C51 COMPILER V9.54, COMPILATION OF MODULE DS1302
OBJECT MODULE PLACED IN .\Objects\DS1302.obj
COMPILER INVOKED BY: D:\DevelopApplication\Keil_v5\C51\BIN\C51.EXE DS1302.c OPTIMIZE(8,SPEED) BROWSE DEBUG OBJECTEXTEND 
                    -PRINT(.\Listings\DS1302.lst) OBJECT(.\Objects\DS1302.obj)

line level    source

   1          #include <REGX52.H>
   2          //定义时间的地址信息
   3          #define DS1302_SECOND           0x80
   4          #define DS1302_MINUTE           0x82
   5          #define DS1302_HOUR             0x84
   6          #define DS1302_DATE             0x86
   7          #define DS1302_MONTH            0x88
   8          #define DS1302_DAY                      0x8A
   9          #define DS1302_YEAR             0x8C
  10          #define DS1302_WP                       0x8E
  11          //声明写入函数
  12          void DS1302_WriteByte(unsigned char Commond,Data);
  13          //时间芯片地址IO口
  14          sbit DS1302_SCLK = P3^6;
  15          sbit DS1302_IO = P3^4;
  16          sbit DS1302_CE = P3^5;
  17          //存储时间数组
  18          unsigned char DS1302_Time[] = {25,02,22,10,50,11};
  19          //时间的初始化
  20          void DS1302_Init(void)
  21          {
  22   1              DS1302_CE=0;
  23   1              DS1302_SCLK=0;
  24   1              //解除写保护状态
  25   1              DS1302_WriteByte(0x8E,0x00);
  26   1      }
  27          //向指定的地址输出数据
  28          void DS1302_WriteByte(unsigned char Commond,Data)
  29          {
  30   1              unsigned char i;
  31   1              DS1302_CE=1;
  32   1              //将第n位取出来赋值给IO
  33   1              for(i=0;i<8;i++)
  34   1              {
  35   2                      DS1302_IO=Commond&(0x01<<i);
  36   2                      DS1302_SCLK=1;
  37   2                      DS1302_SCLK=0;
  38   2              }
  39   1              
  40   1              for(i=0;i<8;i++)
  41   1              {
  42   2                      DS1302_IO=Data&(0x01<<i);
  43   2                      DS1302_SCLK=1;
  44   2                      DS1302_SCLK=0;
  45   2              }
  46   1              DS1302_CE=0;
  47   1      }
  48          //向指定的地址读取数据
  49          unsigned char DS1302_ReadByte(unsigned char Commond)
  50          {
  51   1              unsigned char i,Data=0x00;
  52   1              Commond|=0x01;
  53   1              DS1302_CE=1;
  54   1              //将第n位取出来赋值给IO
C51 COMPILER V9.54   DS1302                                                                02/22/2025 13:01:50 PAGE 2   

  55   1              for(i=0;i<8;i++)
  56   1              {
  57   2                      DS1302_IO=Commond&(0x01<<i);
  58   2                      DS1302_SCLK=0;
  59   2                      DS1302_SCLK=1;
  60   2              }
  61   1              for(i=0;i<8;i++)
  62   1              {
  63   2                      DS1302_SCLK=1;
  64   2                      DS1302_SCLK=0;
  65   2                      if(DS1302_IO)
  66   2                      {
  67   3                              Data|=(0x01<<i);
  68   3                      }
  69   2              }
  70   1              DS1302_CE=0;
  71   1              DS1302_IO=0;
  72   1              return Data;
  73   1      }
  74          
  75          void DS1302_SetTime(void)       
  76          {
  77   1              //解除写保护状态
  78   1              DS1302_WriteByte(DS1302_WP,0x00);
  79   1              //此处的计算为十进制编码转换为BCD编码
  80   1              DS1302_WriteByte(DS1302_YEAR,DS1302_Time[0]/10*16+DS1302_Time[0]%10);
  81   1              DS1302_WriteByte(DS1302_MONTH,DS1302_Time[1]/10*16+DS1302_Time[1]%10);
  82   1              DS1302_WriteByte(DS1302_DATE,DS1302_Time[2]/10*16+DS1302_Time[2]%10);
  83   1              DS1302_WriteByte(DS1302_HOUR,DS1302_Time[3]/10*16+DS1302_Time[3]%10);
  84   1              DS1302_WriteByte(DS1302_MINUTE,DS1302_Time[4]/10*16+DS1302_Time[4]%10);
  85   1              DS1302_WriteByte(DS1302_SECOND,DS1302_Time[5]/10*16+DS1302_Time[5]%10);
  86   1              DS1302_WriteByte(DS1302_DAY,DS1302_Time[6]/10*16+DS1302_Time[6]%10);
  87   1              DS1302_WriteByte(DS1302_WP,0x80);
  88   1      }
  89          
  90          void DS1302_ReadTime(void)
  91          {
  92   1              unsigned char Temp;
  93   1              //此处的计算为BCD编码转换为十进制编码
  94   1              Temp = DS1302_ReadByte(DS1302_YEAR);
  95   1              DS1302_Time[0] = Temp/16*10+Temp%16;
  96   1              Temp = DS1302_ReadByte(DS1302_MONTH);
  97   1              DS1302_Time[1] = Temp/16*10+Temp%16;
  98   1              Temp = DS1302_ReadByte(DS1302_DATE);
  99   1              DS1302_Time[2] = Temp/16*10+Temp%16;
 100   1              Temp = DS1302_ReadByte(DS1302_HOUR);
 101   1              DS1302_Time[3] = Temp/16*10+Temp%16;
 102   1              Temp = DS1302_ReadByte(DS1302_MINUTE);
 103   1              DS1302_Time[4] = Temp/16*10+Temp%16;
 104   1              Temp = DS1302_ReadByte(DS1302_SECOND);
 105   1              DS1302_Time[5] = Temp/16*10+Temp%16;
 106   1              Temp = DS1302_ReadByte(DS1302_DAY);
 107   1              DS1302_Time[6] = Temp/16*10+Temp%16;
 108   1              
 109   1      }


MODULE INFORMATION:   STATIC OVERLAYABLE
   CODE SIZE        =    558    ----
   CONSTANT SIZE    =   ----    ----
   XDATA SIZE       =   ----    ----
   PDATA SIZE       =   ----    ----
C51 COMPILER V9.54   DS1302                                                                02/22/2025 13:01:50 PAGE 3   

   DATA SIZE        =      6       2
   IDATA SIZE       =   ----    ----
   BIT SIZE         =   ----    ----
END OF MODULE INFORMATION.


C51 COMPILATION COMPLETE.  0 WARNING(S),  0 ERROR(S)
