C51 COMPILER V9.54   MAIN                                                                  02/22/2025 13:30:19 PAGE 1   


C51 COMPILER V9.54, COMPILATION OF MODULE MAIN
OBJECT MODULE PLACED IN .\Objects\main.obj
COMPILER INVOKED BY: D:\DevelopApplication\Keil_v5\C51\BIN\C51.EXE main.c OPTIMIZE(8,SPEED) BROWSE DEBUG OBJECTEXTEND PR
                    -INT(.\Listings\main.lst) OBJECT(.\Objects\main.obj)

line level    source

   1          #include <REGX52.H>
   2          #include "LCD1602.h"
   3          #include "DS1302.h"
   4          #include "Timer0.h"
   5          #include "Key.h"
   6          unsigned char KeyNum,MODE,TimeSetSelect;
   7          
   8          void TimeShow()
   9          {
  10   1              DS1302_ReadTime();
  11   1              LCD_ShowNum(1,1,DS1302_Time[0],2);
  12   1              LCD_ShowNum(1,4,DS1302_Time[1],2);
  13   1              LCD_ShowNum(1,7,DS1302_Time[2],2);
  14   1              LCD_ShowNum(2,1,DS1302_Time[3],2);
  15   1              LCD_ShowNum(2,4,DS1302_Time[4],2);
  16   1              LCD_ShowNum(2,7,DS1302_Time[5],2);
  17   1      }
  18          
  19          void TimeSet()
  20          {
  21   1              if(KeyNum==2)
  22   1              {
  23   2                      TimeSetSelect++;
  24   2                      TimeSetSelect%=6;
  25   2              }
  26   1              if(KeyNum==3)
  27   1              {
  28   2                      DS1302_Time[TimeSetSelect]++;
  29   2                      //合法性校验
  30   2                      DS1302_Time[0]%=100;
  31   2                      DS1302_Time[1]%=13;
  32   2                      DS1302_Time[2]%=32;
  33   2                      DS1302_Time[3]%=24;
  34   2                      DS1302_Time[4]%=60;
  35   2                      DS1302_Time[5]%=60;
  36   2              }
  37   1              if(KeyNum==4)
  38   1              {
  39   2                      DS1302_Time[TimeSetSelect]--;
  40   2                      //合法性校验
  41   2                      DS1302_Time[0]%=100;
  42   2                      DS1302_Time[1]%=13;
  43   2                      DS1302_Time[2]%=32;
  44   2                      DS1302_Time[3]%=24;
  45   2                      DS1302_Time[4]%=60;
  46   2                      DS1302_Time[5]%=60;
  47   2              }
  48   1              
  49   1              LCD_ShowNum(1,1,DS1302_Time[0],2);
  50   1              LCD_ShowNum(1,4,DS1302_Time[1],2);
  51   1              LCD_ShowNum(1,7,DS1302_Time[2],2);
  52   1              LCD_ShowNum(2,1,DS1302_Time[3],2);
  53   1              LCD_ShowNum(2,4,DS1302_Time[4],2);
  54   1              LCD_ShowNum(2,7,DS1302_Time[5],2);
C51 COMPILER V9.54   MAIN                                                                  02/22/2025 13:30:19 PAGE 2   

  55   1              LCD_ShowNum(2,10,TimeSetSelect,2);
  56   1      }
  57          void main()
  58          {
  59   1              LCD_Init();
  60   1              DS1302_Init();
  61   1              LCD_ShowString(1,1,"  -  -  ");
  62   1              LCD_ShowString(2,1,"  :  :  ");
  63   1              DS1302_SetTime();
  64   1              while(1)
  65   1              {
  66   2                      KeyNum = getKeyNumber();
  67   2                      if(KeyNum==1) 
  68   2                      {
  69   3                              MODE=!MODE;
  70   3                      }
  71   2                      switch(MODE)
  72   2                      {
  73   3                              case 0:TimeShow();break;
  74   3                              case 1:TimeSet();break;
  75   3                      }
  76   2                      
  77   2              }
  78   1      }


MODULE INFORMATION:   STATIC OVERLAYABLE
   CODE SIZE        =    409    ----
   CONSTANT SIZE    =     18    ----
   XDATA SIZE       =   ----    ----
   PDATA SIZE       =   ----    ----
   DATA SIZE        =      3    ----
   IDATA SIZE       =   ----    ----
   BIT SIZE         =   ----    ----
END OF MODULE INFORMATION.


C51 COMPILATION COMPLETE.  0 WARNING(S),  0 ERROR(S)
