C51 COMPILER V9.54   MATRIXKEY                                                             02/08/2025 17:40:32 PAGE 1   


C51 COMPILER V9.54, COMPILATION OF MODULE MATRIXKEY
OBJECT MODULE PLACED IN .\Objects\MatrixKey.obj
COMPILER INVOKED BY: D:\DevelopApplication\Keil_v5\C51\BIN\C51.EXE MatrixKey.c OPTIMIZE(8,SPEED) BROWSE DEBUG OBJECTEXTE
                    -ND PRINT(.\Listings\MatrixKey.lst) OBJECT(.\Objects\MatrixKey.obj)

line level    source

   1          #include <REGX52.H>
   2          #include "Delay.h"
   3          
   4          unsigned char keyNumber = 0;
   5          //先按列扫描，再按行扫描
   6          unsigned char getPressNumber()
   7          {
   8   1              //第一列
   9   1              P1=0xFF;
  10   1              P1_3=0;
  11   1              if(P1_7==0)
  12   1              {
  13   2                      Delay(20);
  14   2                      while(P1_7==0);
  15   2                      Delay(20);
  16   2                      keyNumber = 1;
  17   2              }
  18   1              if(P1_6==0)
  19   1              {
  20   2                      Delay(20);
  21   2                      while(P1_6==0);
  22   2                      Delay(20);
  23   2                      keyNumber = 5;
  24   2              }
  25   1              if(P1_5==0)
  26   1              {
  27   2                      Delay(20);
  28   2                      while(P1_5==0);
  29   2                      Delay(20);
  30   2                      keyNumber = 9;
  31   2              }
  32   1              if(P1_4==0)
  33   1              {
  34   2                      Delay(20);
  35   2                      while(P1_4==0);
  36   2                      Delay(20);
  37   2                      keyNumber = 13;
  38   2              }
  39   1              //第二列
  40   1              P1=0xFF;
  41   1              P1_2=0;
  42   1              if(P1_7==0)
  43   1              {
  44   2                      Delay(20);
  45   2                      while(P1_7==0);
  46   2                      Delay(20);
  47   2                      keyNumber = 2;
  48   2              }
  49   1              if(P1_6==0)
  50   1              {
  51   2                      Delay(20);
  52   2                      while(P1_6==0);
  53   2                      Delay(20);
  54   2                      keyNumber = 6;
C51 COMPILER V9.54   MATRIXKEY                                                             02/08/2025 17:40:32 PAGE 2   

  55   2              }
  56   1              if(P1_5==0)
  57   1              {
  58   2                      Delay(20);
  59   2                      while(P1_5==0);
  60   2                      Delay(20);
  61   2                      keyNumber = 10;
  62   2              }
  63   1              if(P1_4==0)
  64   1              {
  65   2                      Delay(20);
  66   2                      while(P1_4==0);
  67   2                      Delay(20);
  68   2                      keyNumber = 14;
  69   2              }
  70   1              //第三列
  71   1              P1=0xFF;
  72   1              P1_1=0;
  73   1              if(P1_7==0)
  74   1              {
  75   2                      Delay(20);
  76   2                      while(P1_7==0);
  77   2                      Delay(20);
  78   2                      keyNumber = 3;
  79   2              }
  80   1              if(P1_6==0)
  81   1              {
  82   2                      Delay(20);
  83   2                      while(P1_6==0);
  84   2                      Delay(20);
  85   2                      keyNumber = 7;
  86   2              }
  87   1              if(P1_5==0)
  88   1              {
  89   2                      Delay(20);
  90   2                      while(P1_5==0);
  91   2                      Delay(20);
  92   2                      keyNumber = 11;
  93   2              }
  94   1              if(P1_4==0)
  95   1              {
  96   2                      Delay(20);
  97   2                      while(P1_4==0);
  98   2                      Delay(20);
  99   2                      keyNumber = 15;
 100   2              }
 101   1              //第四列
 102   1              P1=0xFF;
 103   1              P1_0=0;
 104   1              if(P1_7==0)
 105   1              {
 106   2                      Delay(20);
 107   2                      while(P1_7==0);
 108   2                      Delay(20);
 109   2                      keyNumber = 4;
 110   2              }
 111   1              if(P1_6==0)
 112   1              {
 113   2                      Delay(20);
 114   2                      while(P1_6==0);
 115   2                      Delay(20);
 116   2                      keyNumber = 8;
C51 COMPILER V9.54   MATRIXKEY                                                             02/08/2025 17:40:32 PAGE 3   

 117   2              }
 118   1              if(P1_5==0)
 119   1              {
 120   2                      Delay(20);
 121   2                      while(P1_5==0);
 122   2                      Delay(20);
 123   2                      keyNumber = 12;
 124   2              }
 125   1              if(P1_4==0)
 126   1              {
 127   2                      Delay(20);
 128   2                      while(P1_4==0);
 129   2                      Delay(20);
 130   2                      keyNumber = 16;
 131   2              }
 132   1              return keyNumber;
 133   1      }


MODULE INFORMATION:   STATIC OVERLAYABLE
   CODE SIZE        =    391    ----
   CONSTANT SIZE    =   ----    ----
   XDATA SIZE       =   ----    ----
   PDATA SIZE       =   ----    ----
   DATA SIZE        =      1    ----
   IDATA SIZE       =   ----    ----
   BIT SIZE         =   ----    ----
END OF MODULE INFORMATION.


C51 COMPILATION COMPLETE.  0 WARNING(S),  0 ERROR(S)
