C51 COMPILER V9.54   MAIN                                                                  02/23/2026 09:26:00 PAGE 1   


C51 COMPILER V9.54, COMPILATION OF MODULE MAIN
OBJECT MODULE PLACED IN .\Objects\main.obj
COMPILER INVOKED BY: E:\DevTools\Keil_v5\C51\BIN\C51.EXE main.c OPTIMIZE(8,SPEED) BROWSE DEBUG OBJECTEXTEND PRINT(.\List
                    -ings\main.lst) TABS(2) OBJECT(.\Objects\main.obj)

line level    source

   1          #include <REGX52.H>
   2          #include "Delay.h"
   3          #include "LCD1602.h"
   4          #include "IR.h"
   5          unsigned char Num;
   6          unsigned char Address=0,Command=0;
   7          void main()
   8          {
   9   1        LCD_Init();
  10   1        LCD_ShowString(1,1,"hello");
  11   1        IR_Init();
  12   1        while(1)
  13   1        {
  14   2          if(IR_GetDataFlag()||IR_GetRepeatFlag())
  15   2          {
  16   3            Address=IR_GetAddress();
  17   3            Command=IR_GetCommand();
  18   3            LCD_ShowHexNum(2,1,Address,2);
  19   3            LCD_ShowHexNum(2,5,Command,2);
  20   3            if(Command==IR_VOT_MINUS)
  21   3            {
  22   4              Num--;
  23   4            }
  24   3            if(Command==IR_VOT_ADD)
  25   3            {
  26   4              Num++;
  27   4            }
  28   3            
  29   3            LCD_ShowNum(2,10,Num,3);
  30   3          }
  31   2        }
  32   1      }


MODULE INFORMATION:   STATIC OVERLAYABLE
   CODE SIZE        =    102    ----
   CONSTANT SIZE    =      6    ----
   XDATA SIZE       =   ----    ----
   PDATA SIZE       =   ----    ----
   DATA SIZE        =      3    ----
   IDATA SIZE       =   ----    ----
   BIT SIZE         =   ----    ----
END OF MODULE INFORMATION.


C51 COMPILATION COMPLETE.  0 WARNING(S),  0 ERROR(S)
