C51 COMPILER V9.54   TIMER0                                                                02/22/2026 09:35:38 PAGE 1   


C51 COMPILER V9.54, COMPILATION OF MODULE TIMER0
OBJECT MODULE PLACED IN .\Objects\Timer0.obj
COMPILER INVOKED BY: E:\DevTools\Keil_v5\C51\BIN\C51.EXE Timer0.c OPTIMIZE(8,SPEED) BROWSE DEBUG OBJECTEXTEND PRINT(.\Li
                    -stings\Timer0.lst) TABS(2) OBJECT(.\Objects\Timer0.obj)

line level    source

   1          #include <REGX52.H>
   2          //1毫秒@11.0592MHz 定时器的初始化 1毫秒执行一次
   3          void Time0_Init()
   4          {
   5   1        //TMOD=0x01;
   6   1        TMOD &= 0xF0;   //设置定时器模式 在不改变前四位的情况下将后四位清零
   7   1        TMOD |= 0x01;   //设置定时器模式 在不改变前四位的情况下将后四位改为0001
   8   1        TL0 = 0;    //设置定时初值
   9   1        TH0 = 0;    //设置定时初值
  10   1        TF0 = 0;    //清除TF0标志
  11   1        TR0 = 0;    //定时器0不计时
  12   1      }
  13          
  14          void Timer0_SetCounter(unsigned int Value)
  15          {
  16   1        TH0=Value/256;
  17   1        TL0=Value%256;
  18   1      }
  19          
  20          unsigned int Timer0_GetCounter(void)
  21          {
  22   1        return (TH0<<8)|TL0;
  23   1      }
  24          /**
  25            * @brief  计时标志位
  26            * @param  Flag=0停止计时 Flag=1开始计时
  27            * @retval 
  28            */
  29          void Timer0_Run(unsigned char Flag)
  30          {
  31   1        TR0=Flag;
  32   1      }


MODULE INFORMATION:   STATIC OVERLAYABLE
   CODE SIZE        =     42    ----
   CONSTANT SIZE    =   ----    ----
   XDATA SIZE       =   ----    ----
   PDATA SIZE       =   ----    ----
   DATA SIZE        =   ----    ----
   IDATA SIZE       =   ----    ----
   BIT SIZE         =   ----    ----
END OF MODULE INFORMATION.


C51 COMPILATION COMPLETE.  0 WARNING(S),  0 ERROR(S)
