C51 COMPILER V9.54   MAIN                                                                  02/17/2025 20:40:03 PAGE 1   


C51 COMPILER V9.54, COMPILATION OF MODULE MAIN
OBJECT MODULE PLACED IN .\Objects\main.obj
COMPILER INVOKED BY: D:\DevelopApplication\Keil_v5\C51\BIN\C51.EXE main.c OPTIMIZE(8,SPEED) BROWSE DEBUG OBJECTEXTEND PR
                    -INT(.\Listings\main.lst) OBJECT(.\Objects\main.obj)

line level    source

   1          #include <REGX52.H>
   2          #include "LCD1602.h"
   3          #include "DS1302.h"
   4          unsigned char Second;
   5          void main()
   6          {
   7   1              LCD_Init();
   8   1              DS1302_Init();
   9   1              
  10   1              LCD_ShowString(1,1,"VCC");
  11   1              
  12   1              DS1302_WriteByte(0x80,0x03);
  13   1              while(1)
  14   1              {
  15   2                      Second=DS1302_ReadByte(0x81);
  16   2                      LCD_ShowNum(2,1,Second,3);
  17   2              }
  18   1      }


MODULE INFORMATION:   STATIC OVERLAYABLE
   CODE SIZE        =     51    ----
   CONSTANT SIZE    =      4    ----
   XDATA SIZE       =   ----    ----
   PDATA SIZE       =   ----    ----
   DATA SIZE        =      1    ----
   IDATA SIZE       =   ----    ----
   BIT SIZE         =   ----    ----
END OF MODULE INFORMATION.


C51 COMPILATION COMPLETE.  0 WARNING(S),  0 ERROR(S)
