C51 COMPILER V9.54   UART                                                                  02/14/2026 16:54:36 PAGE 1   


C51 COMPILER V9.54, COMPILATION OF MODULE UART
OBJECT MODULE PLACED IN .\Objects\UART.obj
COMPILER INVOKED BY: E:\DevTools\Keil_v5\C51\BIN\C51.EXE UART.c OPTIMIZE(8,SPEED) BROWSE DEBUG OBJECTEXTEND PRINT(.\List
                    -ings\UART.lst) TABS(2) OBJECT(.\Objects\UART.obj)

line level    source

   1          #include <REGX52.H>
   2          
   3          //串口初始化
   4          void UartInit(void)   //4800bps@11.0592MHz
   5          {
   6   1        PCON &= 0x7F;   //波特率不倍速
   7   1        SCON = 0x50;    //8位数据,可变波特率
   8   1        TMOD &= 0x0F;   //清除定时器1模式位
   9   1        TMOD |= 0x20;   //设定定时器1为8位自动重装方式
  10   1        TL1 = 0xFA;   //设定定时初值
  11   1        TH1 = 0xFA;   //设定定时器重装值
  12   1        ET1 = 0;    //禁止定时器1中断
  13   1        TR1 = 1;    //启动定时器1
  14   1      }
  15          //发送数据
  16          void UART_SendByte(unsigned char Byte)
  17          {
  18   1        SBUF=Byte;
  19   1        while(TI==0);
  20   1        //TI复位 
  21   1        TI=0;
  22   1      }


MODULE INFORMATION:   STATIC OVERLAYABLE
   CODE SIZE        =     31    ----
   CONSTANT SIZE    =   ----    ----
   XDATA SIZE       =   ----    ----
   PDATA SIZE       =   ----    ----
   DATA SIZE        =   ----    ----
   IDATA SIZE       =   ----    ----
   BIT SIZE         =   ----    ----
END OF MODULE INFORMATION.


C51 COMPILATION COMPLETE.  0 WARNING(S),  0 ERROR(S)
