C51 COMPILER V9.54   MAIN                                                                  02/21/2026 23:05:21 PAGE 1   


C51 COMPILER V9.54, COMPILATION OF MODULE MAIN
OBJECT MODULE PLACED IN .\Objects\main.obj
COMPILER INVOKED BY: E:\DevTools\Keil_v5\C51\BIN\C51.EXE main.c OPTIMIZE(8,SPEED) BROWSE DEBUG OBJECTEXTEND PRINT(.\List
                    -ings\main.lst) TABS(2) OBJECT(.\Objects\main.obj)

line level    source

   1          #include <REGX52.H>
   2          #include "Delay.h"
   3          #include "Nixie.h"
   4          #include "Key.h"
   5          #include "Timer0.h"
   6          
   7          sbit DA=P2^1;
   8          
   9          unsigned char Counter,Compare,i;
  10          void main()
  11          {
  12   1        Time0_Init();
  13   1        while(1)
  14   1        {
  15   2          for(i=0;i<100;i++)
  16   2          {
  17   3            Compare=i;
  18   3            Delay(10);
  19   3          }
  20   2          for(i=100;i>0;i--)
  21   2          {
  22   3            Compare=i;
  23   3            Delay(10);
  24   3          }
  25   2        }
  26   1      }
  27          
  28          void Timer0_Routine() interrupt 1
  29          {
  30   1        TL0 = 0xA4;   //设置定时初值
  31   1        TH0 = 0xFF;   //设置定时初值
  32   1        Counter++;
  33   1        Counter%=100;
  34   1        if(Counter<Compare)
  35   1        {DA=1;}
  36   1        else
  37   1        {DA=0;}
  38   1      }


MODULE INFORMATION:   STATIC OVERLAYABLE
   CODE SIZE        =     92    ----
   CONSTANT SIZE    =   ----    ----
   XDATA SIZE       =   ----    ----
   PDATA SIZE       =   ----    ----
   DATA SIZE        =      3    ----
   IDATA SIZE       =   ----    ----
   BIT SIZE         =   ----    ----
END OF MODULE INFORMATION.


C51 COMPILATION COMPLETE.  0 WARNING(S),  0 ERROR(S)
