C51 COMPILER V9.54   MAIN                                                                  02/13/2025 20:38:21 PAGE 1   


C51 COMPILER V9.54, COMPILATION OF MODULE MAIN
OBJECT MODULE PLACED IN .\Objects\main.obj
COMPILER INVOKED BY: D:\DevelopApplication\Keil_v5\C51\BIN\C51.EXE main.c OPTIMIZE(8,SPEED) BROWSE DEBUG OBJECTEXTEND PR
                    -INT(.\Listings\main.lst) OBJECT(.\Objects\main.obj)

line level    source

   1          #include <REGX52.H>
   2          #include "Delay.h"
   3          #include "UART.h"
   4          
   5          
   6          void main()
   7          {
   8   1              UartInit();
   9   1              while(1)
  10   1              {
  11   2              
  12   2              }
  13   1      }
  14          
  15          void UART_Routine() interrupt 4
  16          {
  17   1              //如果是接收的话
  18   1              if(RI==1)
  19   1              {
  20   2                      P2=~SBUF;
  21   2                      //再将输入的数同时进行输出
  22   2                      UART_SendByte(SBUF);
  23   2                      //复位
  24   2                      RI=0;
  25   2              }
  26   1      }


MODULE INFORMATION:   STATIC OVERLAYABLE
   CODE SIZE        =     76    ----
   CONSTANT SIZE    =   ----    ----
   XDATA SIZE       =   ----    ----
   PDATA SIZE       =   ----    ----
   DATA SIZE        =   ----    ----
   IDATA SIZE       =   ----    ----
   BIT SIZE         =   ----    ----
END OF MODULE INFORMATION.


C51 COMPILATION COMPLETE.  0 WARNING(S),  0 ERROR(S)
