C51 COMPILER V9.54   DS18B20                                                               02/19/2026 14:45:05 PAGE 1   


C51 COMPILER V9.54, COMPILATION OF MODULE DS18B20
OBJECT MODULE PLACED IN .\Objects\DS18B20.obj
COMPILER INVOKED BY: E:\DevTools\Keil_v5\C51\BIN\C51.EXE DS18B20.c OPTIMIZE(8,SPEED) BROWSE DEBUG OBJECTEXTEND PRINT(.\L
                    -istings\DS18B20.lst) TABS(2) OBJECT(.\Objects\DS18B20.obj)

line level    source

   1          #include <REGX52.H>
   2          #include "OneWire.h"
   3          //SKIP ROM [CCh]
   4          //CONVERT T [44h]
   5          //READ SCRATCHPAD [BEh]
   6          
   7          #define DS18B20_SKIP_ROM          0xCC
   8          #define DS18B20_CONVERT_T         0x44
   9          #define DS18B20_READ_SCRATCHPAD   0xBE
  10          
  11          /**
  12            * @brief  温度变换
  13            * @param  
  14            * @retval 
  15            */
  16          void DS18B20_ConverT(void)
  17          {
  18   1        OneWire_Init();
  19   1        OneWire_SendByte(DS18B20_SKIP_ROM);
  20   1        OneWire_SendByte(DS18B20_CONVERT_T);
  21   1      }
  22          
  23          /**
  24            * @brief  温度读取
  25            * @param  
  26            * @retval 温度
  27            */
  28          float DS18B20_ReadT(void)
  29          {
  30   1        unsigned char TLSB,TMSB;
  31   1        //临时变量
  32   1        int Temp;
  33   1        //温度值
  34   1        float T;
  35   1        OneWire_Init();
  36   1        OneWire_SendByte(DS18B20_SKIP_ROM);
  37   1        OneWire_SendByte(DS18B20_READ_SCRATCHPAD);
  38   1        TLSB=OneWire_ReceiveByte();//低8位
  39   1        TMSB=OneWire_ReceiveByte();//高8位
  40   1        Temp=(TMSB<<8)|TLSB;
  41   1        T=Temp/16.0;
  42   1        return T;
  43   1      }


MODULE INFORMATION:   STATIC OVERLAYABLE
   CODE SIZE        =     57    ----
   CONSTANT SIZE    =   ----    ----
   XDATA SIZE       =   ----    ----
   PDATA SIZE       =   ----    ----
   DATA SIZE        =   ----       1
   IDATA SIZE       =   ----    ----
   BIT SIZE         =   ----    ----
END OF MODULE INFORMATION.

C51 COMPILER V9.54   DS18B20                                                               02/19/2026 14:45:05 PAGE 2   


C51 COMPILATION COMPLETE.  0 WARNING(S),  0 ERROR(S)
