C51 COMPILER V9.54   MAIN                                                                  06/15/2024 22:22:22 PAGE 1   


C51 COMPILER V9.54, COMPILATION OF MODULE MAIN
OBJECT MODULE PLACED IN main.OBJ
COMPILER INVOKED BY: D:\DevelopApplication\Keil_v5\C51\BIN\C51.EXE main.c OPTIMIZE(8,SPEED) DEBUG OBJECTEXTEND PRINT(.\L
                    -istings\main.lst) TABS(2)

line level    source

   1          #include <REGX52.H>
   2          #include <INTRINS.H>
   3          
   4          void Delay500ms();
   5          
   6          void main()
   7          {
   8   1        while(1)
   9   1        {
  10   2          P2 = 0xFE;
  11   2          Delay500ms();
  12   2          P2 = 0xFF;
  13   2          Delay500ms();
  14   2        }
  15   1      }
  16          
  17          void Delay500ms() //@12.000MHz
  18          {
  19   1        unsigned char i, j, k;
  20   1      
  21   1        _nop_();
  22   1        i = 4;
  23   1        j = 205;
  24   1        k = 187;
  25   1        do
  26   1        {
  27   2          do
  28   2          {
  29   3            while (--k);
  30   3          } while (--j);
  31   2        } while (--i);
  32   1      }


MODULE INFORMATION:   STATIC OVERLAYABLE
   CODE SIZE        =     28    ----
   CONSTANT SIZE    =   ----    ----
   XDATA SIZE       =   ----    ----
   PDATA SIZE       =   ----    ----
   DATA SIZE        =   ----    ----
   IDATA SIZE       =   ----    ----
   BIT SIZE         =   ----    ----
END OF MODULE INFORMATION.


C51 COMPILATION COMPLETE.  0 WARNING(S),  0 ERROR(S)
