C51 COMPILER V9.54   INT0                                                                  02/23/2026 09:41:11 PAGE 1   


C51 COMPILER V9.54, COMPILATION OF MODULE INT0
OBJECT MODULE PLACED IN .\Objects\Int0.obj
COMPILER INVOKED BY: E:\DevTools\Keil_v5\C51\BIN\C51.EXE ..\17-1әмНвТЈҝШ\Int0.c OPTIMIZE(8,SPEED) BROWSE DEBUG OBJECTEXT
                    -END PRINT(.\Listings\Int0.lst) TABS(2) OBJECT(.\Objects\Int0.obj)

line level    source

   1          #include <REGX52.H>
   2          
   3          
   4          void Int0_Init(void)
   5          {
   6   1        IT0=1;
   7   1        IE0=0;
   8   1        EX0=1;
   9   1        EA=1;
  10   1        PX0=1;
  11   1      }
  12          
  13          //еӨ–йғЁдёӯж–ӯеҮҪж•°
  14          //void Int0_Routine(void) interrupt 0
  15          //{
  16          //}


MODULE INFORMATION:   STATIC OVERLAYABLE
   CODE SIZE        =     11    ----
   CONSTANT SIZE    =   ----    ----
   XDATA SIZE       =   ----    ----
   PDATA SIZE       =   ----    ----
   DATA SIZE        =   ----    ----
   IDATA SIZE       =   ----    ----
   BIT SIZE         =   ----    ----
END OF MODULE INFORMATION.


C51 COMPILATION COMPLETE.  0 WARNING(S),  0 ERROR(S)
