C51 COMPILER V9.54   LCD1602                                                               02/20/2026 19:07:07 PAGE 1   


C51 COMPILER V9.54, COMPILATION OF MODULE LCD1602
OBJECT MODULE PLACED IN .\Objects\LCD1602.obj
COMPILER INVOKED BY: E:\DevTools\Keil_v5\C51\BIN\C51.EXE LCD1602.c OPTIMIZE(8,SPEED) BROWSE DEBUG OBJECTEXTEND PRINT(.\L
                    -istings\LCD1602.lst) TABS(2) OBJECT(.\Objects\LCD1602.obj)

line level    source

   1          #include <REGX52.H>
   2          #include <INTRINS.H>
   3          #define LCD_DataPort P0
   4          sbit LCD_RW=P2^5;
   5          sbit LCD_RS=P2^6;
   6          sbit LCD_E=P2^7;
   7          
   8          
   9          void Delay1ms()   //@11.0592MHz delay 1ms
  10          {
  11   1        unsigned char i, j;
  12   1      
  13   1        _nop_();
  14   1        i = 2;
  15   1        j = 199;
  16   1        do
  17   1        {
  18   2          while (--j);
  19   2        } while (--i);
  20   1      }
  21          /**
  22            * @brief  写指令
  23            * @param  指令
  24            * @retval 
  25            */
  26          void LCD_WriteCommand(unsigned char Command)
  27          {
  28   1        LCD_RW=0;
  29   1        LCD_RS=0;
  30   1        LCD_DataPort=Command;
  31   1        LCD_E=1;
  32   1        Delay1ms();
  33   1        LCD_E=0;
  34   1        Delay1ms();
  35   1      }
  36          /**
  37            * @brief  写数据
  38            * @param  数据
  39            * @retval 
  40            */
  41          void LCD_WriteData(unsigned char Data)
  42          {
  43   1        LCD_RW=0;
  44   1        LCD_RS=1;
  45   1        LCD_DataPort=Data;
  46   1        LCD_E=1;
  47   1        Delay1ms();
  48   1        LCD_E=0;
  49   1        Delay1ms();
  50   1      }
  51          
  52          void LCD_Init(void)
  53          {
  54   1        LCD_WriteCommand(0x38);
C51 COMPILER V9.54   LCD1602                                                               02/20/2026 19:07:07 PAGE 2   

  55   1        LCD_WriteCommand(0x0C);
  56   1        LCD_WriteCommand(0x06);
  57   1        LCD_WriteCommand(0x01);
  58   1      }
  59          
  60          /**
  61            * @brief  设置游标位置
  62            * @param  Line 行 Column列
  63            * @retval 
  64            */
  65          void LCD_SetCursor(unsigned char Line,unsigned char Column)
  66          {
  67   1        if(Line==1)
  68   1        {
  69   2          LCD_WriteCommand(0x80|(Column-1));
  70   2        }
  71   1        else
  72   1        {
  73   2          LCD_WriteCommand(0x80|(Column-1)+0x40);
  74   2        }
  75   1      }
  76          
  77          /**
  78            * @brief  在指定位置显示1个字符
  79            * @param  Line 行 Column列 Char字符
  80            * @retval 
  81            */
  82          void LCD_ShowChar(unsigned char Line,unsigned char Column,unsigned char Char)
  83          {
  84   1        LCD_SetCursor(Line,Column);
  85   1        LCD_WriteData(Char);
  86   1      }
  87          
  88          void LCD_ShowString(unsigned char Line,unsigned char Column,unsigned char* String)
  89          {
  90   1        unsigned char i;
  91   1        LCD_SetCursor(Line,Column);
  92   1        for(i=0;String[i]!='\0';i++)
  93   1        {
  94   2          LCD_WriteData(String[i]);
  95   2        }
  96   1      }
  97          
  98          //计算并返回x的y次方
  99          int LCD_Pow(int X,int Y)
 100          {
 101   1        unsigned char i;
 102   1        int Result=1;
 103   1        for(i=0;i<Y;i++)
 104   1        {
 105   2          Result*=X;
 106   2        }
 107   1        return Result;
 108   1      }
 109          /**
 110            * @brief  显示无符号数据
 111            * @param  Line 行 Column列 Number数字 Length数字的长度
 112            * @retval 
 113            */
 114          void LCD_ShowNum(unsigned char Line,unsigned char Column,unsigned int Number,unsigned char Length)
 115          {
 116   1        unsigned char i;
C51 COMPILER V9.54   LCD1602                                                               02/20/2026 19:07:07 PAGE 3   

 117   1        LCD_SetCursor(Line,Column);
 118   1        for(i=Length;i>0;i--)
 119   1        {
 120   2          LCD_WriteData('0'+(Number/LCD_Pow(10,i-1)%10));
 121   2        }
 122   1      }
 123          /**
 124            * @brief  显示符号数据
 125            * @param  Line 行 Column列 Number数字 Length数字的长度
 126            * @retval 
 127            */
 128          void LCD_ShowSignedNum(unsigned char Line,unsigned char Column,int Number,unsigned char Length)
 129          {
 130   1        unsigned char i;
 131   1        unsigned int Number1;
 132   1        LCD_SetCursor(Line,Column);
 133   1        if(Number>=0)
 134   1        {
 135   2          LCD_WriteData('+');
 136   2          Number1=Number;
 137   2        }
 138   1        else
 139   1        {
 140   2          LCD_WriteData('-');
 141   2          Number1=-Number;
 142   2        }
 143   1        
 144   1        for(i=Length;i>0;i--)
 145   1        {
 146   2          LCD_WriteData('0'+Number1/LCD_Pow(10,i-1)%10);
 147   2        }
 148   1      }
 149          /**
 150            * @brief  显示十六进制数据
 151            * @param  Line 行 Column列 Number数字 Length数字的长度
 152            * @retval 
 153            */
 154          void LCD_ShowHexNum(unsigned char Line,unsigned char Column,unsigned int Number,unsigned char Length)
 155          {
 156   1        unsigned char i,SingleNumber;
 157   1        LCD_SetCursor(Line,Column);
 158   1        for(i=Length;i>0;i--)
 159   1        {
 160   2          SingleNumber=Number/LCD_Pow(16,i-1)%16;
 161   2          if(SingleNumber<10)
 162   2          {
 163   3            LCD_WriteData('0'+SingleNumber);
 164   3          }
 165   2          else
 166   2          {
 167   3            LCD_WriteData('A'+SingleNumber-10);
 168   3          }
 169   2        }
 170   1      }
 171          /**
 172            * @brief  显示二进制数据
 173            * @param  Line 行 Column列 Number数字 Length数字的长度
 174            * @retval 
 175            */
 176          void LCD_ShowBinNum(unsigned char Line,unsigned char Column,unsigned int Number,unsigned char Length)
 177          {
 178   1        unsigned char i;
C51 COMPILER V9.54   LCD1602                                                               02/20/2026 19:07:07 PAGE 4   

 179   1        LCD_SetCursor(Line,Column);
 180   1        for(i=Length;i>0;i--)
 181   1        {
 182   2          LCD_WriteData('0'+Number/LCD_Pow(2,i-1)%2);
 183   2        }
 184   1      }


MODULE INFORMATION:   STATIC OVERLAYABLE
   CODE SIZE        =    394    ----
   CONSTANT SIZE    =   ----    ----
   XDATA SIZE       =   ----    ----
   PDATA SIZE       =   ----    ----
   DATA SIZE        =   ----      29
   IDATA SIZE       =   ----    ----
   BIT SIZE         =   ----    ----
END OF MODULE INFORMATION.


C51 COMPILATION COMPLETE.  0 WARNING(S),  0 ERROR(S)
