C51 COMPILER V9.54   MAIN                                                                  02/14/2026 11:37:24 PAGE 1   


C51 COMPILER V9.54, COMPILATION OF MODULE MAIN
OBJECT MODULE PLACED IN .\Objects\main.obj
COMPILER INVOKED BY: E:\DevTools\Keil_v5\C51\BIN\C51.EXE main.c OPTIMIZE(8,SPEED) BROWSE DEBUG OBJECTEXTEND PRINT(.\List
                    -ings\main.lst) TABS(2) OBJECT(.\Objects\main.obj)

line level    source

   1          #include <REGX52.H>
   2          #include "Delay.h"
   3          #include "LCD1602.h"
   4          #include "Timer0.h"
   5          unsigned char Hour,Minute,Sec;
   6          void main()
   7          {
   8   1        LCD_Init();
   9   1        Time0_Init();
  10   1        
  11   1        LCD_ShowString(1,1,"Clock:");
  12   1        //时间格式
  13   1        LCD_ShowString(2,1,"  :  :  ");
  14   1        //计时器
  15   1        while(1)
  16   1        {
  17   2          LCD_ShowNum(2,1,Hour,2);
  18   2          LCD_ShowNum(2,4,Minute,2);
  19   2          LCD_ShowNum(2,7,Sec,2);
  20   2        }
  21   1      }
  22          
  23          void Timer0_Routine() interrupt 1
  24          {
  25   1        static unsigned int T0Count;
  26   1        TL0 = 0x66;   //设置定时初值
  27   1        TH0 = 0xFC;   //设置定时初值
  28   1        T0Count++;
  29   1        if(T0Count>=1000)
  30   1        {
  31   2          T0Count=0;
  32   2          Sec++;
  33   2          if(Sec>=60)
  34   2          {
  35   3            Sec=0;
  36   3            Minute++;
  37   3            if(Minute>=60)
  38   3            {
  39   4              Minute=0;
  40   4              Hour++;
  41   4              if(Hour>=24)
  42   4              {
  43   5                Hour=0;
  44   5              }
  45   4            }
  46   3          }
  47   2        }
  48   1      }


MODULE INFORMATION:   STATIC OVERLAYABLE
   CODE SIZE        =    150    ----
   CONSTANT SIZE    =     16    ----
   XDATA SIZE       =   ----    ----
C51 COMPILER V9.54   MAIN                                                                  02/14/2026 11:37:24 PAGE 2   

   PDATA SIZE       =   ----    ----
   DATA SIZE        =      5    ----
   IDATA SIZE       =   ----    ----
   BIT SIZE         =   ----    ----
END OF MODULE INFORMATION.


C51 COMPILATION COMPLETE.  0 WARNING(S),  0 ERROR(S)
