C51 COMPILER V9.54   MAIN                                                                  02/07/2025 16:31:13 PAGE 1   


C51 COMPILER V9.54, COMPILATION OF MODULE MAIN
OBJECT MODULE PLACED IN .\Objects\main.obj
COMPILER INVOKED BY: D:\DevelopApplication\Keil_v5\C51\BIN\C51.EXE main.c OPTIMIZE(8,SPEED) BROWSE DEBUG OBJECTEXTEND PR
                    -INT(.\Listings\main.lst) OBJECT(.\Objects\main.obj)

line level    source

   1          #include <REGX52.H>
   2          unsigned int NixieTable[] = {0x3F,0x06,0x5B,0x4F,0x66,0x6D,0x7D,0x07,0x7F,0x6F};
   3          //显示的位置与指定的数字
   4          void Nixie(unsigned char slot,unsigned int number){
   5   1              switch(slot){
   6   2                      case 1: P2_4=1;P2_3=1;P2_2=1; break;
   7   2                      case 2: P2_4=1;P2_3=1;P2_2=0; break;
   8   2                      case 3: P2_4=1;P2_3=0;P2_2=1; break;
   9   2                      case 4: P2_4=1;P2_3=0;P2_2=0; break;
  10   2                      case 5: P2_4=0;P2_3=1;P2_2=1; break;
  11   2                      case 6: P2_4=0;P2_3=1;P2_2=0; break;
  12   2                      case 7: P2_4=0;P2_3=0;P2_2=1; break;
  13   2                      case 8: P2_4=0;P2_3=0;P2_2=0; break;
  14   2              }
  15   1              P0=NixieTable[number];
  16   1              //解决比较暗的问题
  17   1              Delay(10);
*** WARNING C206 IN LINE 17 OF main.c: 'Delay': missing function-prototype
*** ERROR C267 IN LINE 17 OF main.c: 'Delay': requires ANSI-style prototype
  18   1              //清零解决串味问题
  19   1              P0=0x00;
  20   1      }
  21          void Delay(unsigned int xms)            //@12.000MHz
  22          {
*** ERROR C231 IN LINE 22 OF main.c: 'Delay': redefinition
  23   1              unsigned char i, j;
  24   1              while(xms--)
  25   1              {
  26   2                      i = 2;
  27   2                      j = 239;
  28   2                      do
  29   2                      {
  30   3                              while (--j);
  31   3                      } while (--i);
  32   2              }
  33   1      }
*** ERROR C231 IN LINE 33 OF main.c: 'Delay': redefinition
  34          
  35          void main(){
  36   1              
  37   1              while(1){
  38   2                      Nixie(1,1);
  39   2                      //Delay(200);
  40   2                      Nixie(2,2);
  41   2                      //Delay(200);
  42   2                      Nixie(3,3);
  43   2                      //Delay(200);
  44   2                      Nixie(4,4);
  45   2                      Nixie(5,5);
  46   2              }
  47   1      }

C51 COMPILATION COMPLETE.  1 WARNING(S),  3 ERROR(S)
