C51 COMPILER V9.54   MAIN                                                                  02/07/2025 17:21:05 PAGE 1   


C51 COMPILER V9.54, COMPILATION OF MODULE MAIN
OBJECT MODULE PLACED IN .\Objects\main.obj
COMPILER INVOKED BY: D:\DevelopApplication\Keil_v5\C51\BIN\C51.EXE main.c OPTIMIZE(8,SPEED) BROWSE DEBUG OBJECTEXTEND PR
                    -INT(.\Listings\main.lst) OBJECT(.\Objects\main.obj)

line level    source

   1          #include "Nixie.h"
   2          void main(){
   3   1              
   4   1              while(1){
   5   2                      Nixie(1,1);
   6   2                      Nixie(2,2);
   7   2                      Nixie(3,3);
   8   2                      Nixie(4,4);
   9   2                      Nixie(5,5);
  10   2                      Nixie(6,6);
  11   2                      Nixie(7,7);
  12   2                      Nixie(8,8);
  13   2              }
  14   1      }


MODULE INFORMATION:   STATIC OVERLAYABLE
   CODE SIZE        =     74    ----
   CONSTANT SIZE    =   ----    ----
   XDATA SIZE       =   ----    ----
   PDATA SIZE       =   ----    ----
   DATA SIZE        =   ----    ----
   IDATA SIZE       =   ----    ----
   BIT SIZE         =   ----    ----
END OF MODULE INFORMATION.


C51 COMPILATION COMPLETE.  0 WARNING(S),  0 ERROR(S)
