C51 COMPILER V9.54   MAIN                                                                  02/15/2025 14:08:32 PAGE 1   


C51 COMPILER V9.54, COMPILATION OF MODULE MAIN
OBJECT MODULE PLACED IN .\Objects\main.obj
COMPILER INVOKED BY: D:\DevelopApplication\Keil_v5\C51\BIN\C51.EXE main.c OPTIMIZE(8,SPEED) BROWSE DEBUG OBJECTEXTEND PR
                    -INT(.\Listings\main.lst) OBJECT(.\Objects\main.obj)

line level    source

   1          #include <REGX52.H>
   2          #include "Delay.h"
   3          #include "MatrixLED.h"
   4          unsigned char code Animation[]={
   5                  0x00,0x00,0x00,0x00,0x00,0x00,0x00,0x00,
   6                  0xFF,0x01,0x01,0x01,0x70,0x89,0x89,0x66,
   7                  0x00,0xFF,0x08,0x08,0x08,0xFF,0x00,0x00,
   8                  0xDF,0x00,0x00,0x7E,0x81,0x81,0x81,0x7E,
   9                  0x00,0x00,0x00,0x00,0x00,0x00,0x00,0x00,
  10                  0x00,0x00,0x00,0x00,0x00,0x00,0x00,0x00
  11          };
  12          void main()
  13          {
  14   1              unsigned char i,Offset=0,Count=0;
  15   1              MatrixLED_Init();
  16   1              while(1)
  17   1              {
  18   2                      for(i=0;i<8;i++)
  19   2                      {
  20   3                              MatrixLED_ShowColumn(i,Animation[i+Offset]);
  21   3                      }
  22   2                      Count++;
  23   2                      if(Count>10)
  24   2                      {
  25   3                              Count=0;
  26   3                              Offset++;
  27   3                              if(Offset>40)
  28   3                              {
  29   4                                      Offset=0;
  30   4                              }
  31   3                      }
  32   2              }
  33   1      }


MODULE INFORMATION:   STATIC OVERLAYABLE
   CODE SIZE        =     62    ----
   CONSTANT SIZE    =     48    ----
   XDATA SIZE       =   ----    ----
   PDATA SIZE       =   ----    ----
   DATA SIZE        =   ----       3
   IDATA SIZE       =   ----    ----
   BIT SIZE         =   ----    ----
END OF MODULE INFORMATION.


C51 COMPILATION COMPLETE.  0 WARNING(S),  0 ERROR(S)
