C51 COMPILER V9.54   MAIN                                                                  02/17/2026 18:09:13 PAGE 1   


C51 COMPILER V9.54, COMPILATION OF MODULE MAIN
OBJECT MODULE PLACED IN .\Objects\main.obj
COMPILER INVOKED BY: E:\DevTools\Keil_v5\C51\BIN\C51.EXE main.c OPTIMIZE(8,SPEED) BROWSE DEBUG OBJECTEXTEND PRINT(.\List
                    -ings\main.lst) TABS(2) OBJECT(.\Objects\main.obj)

line level    source

   1          #include <REGX52.h>
   2          #include "LCD1602.h"
   3          #include "Key.h"
   4          #include "AT24C02.h"
   5          #include "Delay.h"
   6          
   7          unsigned char Data,key;
   8          unsigned int Num;
   9          void main()
  10          {
  11   1        
  12   1        LCD_Init();
  13   1        //默认显示Num数据
  14   1        LCD_ShowNum(1,1,Num,5);
  15   1        while(1)
  16   1        {
  17   2          key=getKeyNumber();
  18   2          if(key==1)
  19   2          {
  20   3            Num++;
  21   3            LCD_ShowNum(1,1,Num,5);
  22   3          }
  23   2          if(key==2)
  24   2          {
  25   3            Num--;
  26   3            LCD_ShowNum(1,1,Num,5);
  27   3          }
  28   2          if(key==3)//写入数据
  29   2          {
  30   3            //在0号位置上写入Num的低八位数据
  31   3            AT24C02_WriteByte(0,Num%256);
  32   3            //在1号位置上写入Num的高八位数据
  33   3            Delay(5);
  34   3            AT24C02_WriteByte(1,Num/256);
  35   3            Delay(5);
  36   3            //显示反馈后过1s后消失
  37   3            LCD_ShowString(2,1,"Write OK");
  38   3            Delay(1000);
  39   3            LCD_ShowString(2,1,"        ");
  40   3          }
  41   2          if(key==4)//读取数据
  42   2          {
  43   3            //读取低八位数据
  44   3            Num=AT24C02_ReadByte(0);
  45   3            //读取高八位数据
  46   3            Num|=AT24C02_ReadByte(1)<<8;
  47   3            LCD_ShowNum(1,1,Num,5);
  48   3            //显示反馈后过1s后消失
  49   3            LCD_ShowString(2,1,"Read OK");
  50   3            Delay(1000);
  51   3            LCD_ShowString(2,1,"       ");
  52   3          }
  53   2        }
  54   1            
C51 COMPILER V9.54   MAIN                                                                  02/17/2026 18:09:13 PAGE 2   

  55   1      }


MODULE INFORMATION:   STATIC OVERLAYABLE
   CODE SIZE        =    223    ----
   CONSTANT SIZE    =     34    ----
   XDATA SIZE       =   ----    ----
   PDATA SIZE       =   ----    ----
   DATA SIZE        =      4    ----
   IDATA SIZE       =   ----    ----
   BIT SIZE         =   ----    ----
END OF MODULE INFORMATION.


C51 COMPILATION COMPLETE.  0 WARNING(S),  0 ERROR(S)
